[11:10:38] [子系统] 进化引擎启动
[11:10:39] [子系统] 新纪录 v1 写入附加系统 分数:13.64
[11:10:39] [子系统] 新纪录 v2 写入附加系统 分数:16.16
[11:10:40] [子系统] 新纪录 v3 写入附加系统 分数:16.22
[11:10:41] [子系统] 新纪录 v4 写入附加系统 分数:16.40
[11:10:42] [子系统] 新纪录 v5 写入附加系统 分数:16.46
[11:10:43] [子系统] 新纪录 v6 写入附加系统 分数:16.60
[11:10:43] [子系统] 新纪录 v7 写入附加系统 分数:16.71
[11:10:44] [子系统] 新纪录 v8 写入附加系统 分数:16.81
[11:10:50] [子系统] 新纪录 v9 写入附加系统 分数:16.86
[11:10:53] [子系统] 新纪录 v10 写入附加系统 分数:16.90
[11:10:59] [子系统] 新纪录 v11 写入附加系统 分数:16.91
[11:11:05] [子系统] 新纪录 v12 写入附加系统 分数:16.94
[11:11:12] [子系统] 新纪录 v13 写入附加系统 分数:17.00
[11:11:13] [子系统] 新纪录 v14 写入附加系统 分数:17.02
[11:11:16] [子系统] 新纪录 v15 写入附加系统 分数:17.04
[11:11:48] [子系统] 新纪录 v16 写入附加系统 分数:17.21
[11:16:07] [子系统] 进化引擎启动（可变异公式结构）
[11:16:08] [子系统] 新提案 v1 [随机抖动] 写入附加系统 分数:16.58
[11:16:08] [子系统] 新提案 v2 [随机抖动] 写入附加系统 分数:16.70
[11:16:09] [子系统] 新提案 v3 [随机抖动] 写入附加系统 分数:16.73
[11:16:10] [子系统] 新提案 v4 [随机抖动] 写入附加系统 分数:16.78
[11:16:11] [子系统] 新提案 v5 [随机抖动] 写入附加系统 分数:16.79
[11:16:13] [子系统] 新提案 v6 [随机抖动] 写入附加系统 分数:16.91
[11:16:14] [子系统] 新提案 v7 [随机抖动] 写入附加系统 分数:16.93
[11:16:18] [子系统] 新提案 v8 [随机抖动] 写入附加系统 分数:16.94
[11:16:20] [子系统] 新提案 v9 [随机抖动] 写入附加系统 分数:16.96
[11:58:50] [子级主系统] 开始审查: sandbox_proposal.py
[11:58:50] [主系统] 宪法审查通过
[11:58:50] [子级主系统] 实测: 12.08/30 门槛: 22.5
[11:58:50] [子级主系统] 提案未达标，废弃
[11:59:43] [子级主系统] 开始审查: sandbox_proposal.py
[11:59:43] [主系统] 宪法审查通过
[11:59:43] [子级主系统] 实测: 12.03/30 门槛: 22.5
[11:59:43] [子级主系统] 提案未达标，废弃
[12:00:38] [子级主系统] 开始审查: sandbox_proposal.py
[12:00:38] [主系统] 宪法审查通过
[12:00:38] [子级主系统] 实测: 12.01/30 门槛: 10.5
[12:00:38] [子级主系统] 提案通过，正式部署
[12:01:18] [子系统] 进化引擎启动（可变异公式结构）
[12:01:18] [子系统] 新提案 v1 [随机抖动] 写入附加系统 分数:16.76
[12:01:20] [子系统] 新提案 v2 [随机抖动] 写入附加系统 分数:16.78
[12:01:23] [子系统] 新提案 v3 [随机抖动] 写入附加系统 分数:16.79
[12:01:25] [子系统] 新提案 v4 [随机抖动] 写入附加系统 分数:16.84
[12:01:33] [子系统] 新提案 v5 [随机抖动] 写入附加系统 分数:16.91
[12:01:45] [子系统] 新提案 v6 [随机抖动] 写入附加系统 分数:16.92
[12:02:06] [子系统] 新提案 v7 [随机抖动] 写入附加系统 分数:16.94
[12:02:27] [子系统] 新提案 v8 [随机抖动] 写入附加系统 分数:17.09
[12:15:27] [子系统] 新提案 v9 [随机抖动] 写入附加系统 分数:17.12
