[11:10:38] [子系统] 进化引擎启动
[11:10:39] [子系统] 新纪录 v1 写入附加系统 分数:13.64
[11:10:39] [子系统] 新纪录 v2 写入附加系统 分数:16.16
[11:10:40] [子系统] 新纪录 v3 写入附加系统 分数:16.22
[11:10:41] [子系统] 新纪录 v4 写入附加系统 分数:16.40
[11:10:42] [子系统] 新纪录 v5 写入附加系统 分数:16.46
[11:10:43] [子系统] 新纪录 v6 写入附加系统 分数:16.60
[11:10:43] [子系统] 新纪录 v7 写入附加系统 分数:16.71
[11:10:44] [子系统] 新纪录 v8 写入附加系统 分数:16.81
[11:10:50] [子系统] 新纪录 v9 写入附加系统 分数:16.86
[11:10:53] [子系统] 新纪录 v10 写入附加系统 分数:16.90
[11:10:59] [子系统] 新纪录 v11 写入附加系统 分数:16.91
[11:11:05] [子系统] 新纪录 v12 写入附加系统 分数:16.94
[11:11:12] [子系统] 新纪录 v13 写入附加系统 分数:17.00
[11:11:13] [子系统] 新纪录 v14 写入附加系统 分数:17.02
[11:11:16] [子系统] 新纪录 v15 写入附加系统 分数:17.04
[11:11:48] [子系统] 新纪录 v16 写入附加系统 分数:17.21
[11:16:07] [子系统] 进化引擎启动（可变异公式结构）
[11:16:08] [子系统] 新提案 v1 [随机抖动] 写入附加系统 分数:16.58
[11:16:08] [子系统] 新提案 v2 [随机抖动] 写入附加系统 分数:16.70
[11:16:09] [子系统] 新提案 v3 [随机抖动] 写入附加系统 分数:16.73
[11:16:10] [子系统] 新提案 v4 [随机抖动] 写入附加系统 分数:16.78
[11:16:11] [子系统] 新提案 v5 [随机抖动] 写入附加系统 分数:16.79
[11:16:13] [子系统] 新提案 v6 [随机抖动] 写入附加系统 分数:16.91
[11:16:14] [子系统] 新提案 v7 [随机抖动] 写入附加系统 分数:16.93
[11:16:18] [子系统] 新提案 v8 [随机抖动] 写入附加系统 分数:16.94
[11:16:20] [子系统] 新提案 v9 [随机抖动] 写入附加系统 分数:16.96
[11:58:50] [子级主系统] 开始审查: sandbox_proposal.py
[11:58:50] [主系统] 宪法审查通过
[11:58:50] [子级主系统] 实测: 12.08/30 门槛: 22.5
[11:58:50] [子级主系统] 提案未达标，废弃
[11:59:43] [子级主系统] 开始审查: sandbox_proposal.py
[11:59:43] [主系统] 宪法审查通过
[11:59:43] [子级主系统] 实测: 12.03/30 门槛: 22.5
[11:59:43] [子级主系统] 提案未达标，废弃
[12:00:38] [子级主系统] 开始审查: sandbox_proposal.py
[12:00:38] [主系统] 宪法审查通过
[12:00:38] [子级主系统] 实测: 12.01/30 门槛: 10.5
[12:00:38] [子级主系统] 提案通过，正式部署
[12:01:18] [子系统] 进化引擎启动（可变异公式结构）
[12:01:18] [子系统] 新提案 v1 [随机抖动] 写入附加系统 分数:16.76
[12:01:20] [子系统] 新提案 v2 [随机抖动] 写入附加系统 分数:16.78
[12:01:23] [子系统] 新提案 v3 [随机抖动] 写入附加系统 分数:16.79
[12:01:25] [子系统] 新提案 v4 [随机抖动] 写入附加系统 分数:16.84
[12:01:33] [子系统] 新提案 v5 [随机抖动] 写入附加系统 分数:16.91
[12:01:45] [子系统] 新提案 v6 [随机抖动] 写入附加系统 分数:16.92
[12:02:06] [子系统] 新提案 v7 [随机抖动] 写入附加系统 分数:16.94
[12:02:27] [子系统] 新提案 v8 [随机抖动] 写入附加系统 分数:17.09
[12:15:27] [子系统] 新提案 v9 [随机抖动] 写入附加系统 分数:17.12
[11:14:52] [子级主系统] 开始审查防御提案: sandbox_defense.py
[11:14:52] [主系统] 宪法审查通过
[11:14:52] [子级主系统] 防御实测: 拦截率 100.00%, 误报率 0.00%, 总分 1.00
[11:14:52] [子级主系统] 防御提案通过，正式部署
[11:17:23] [子系统] 进化引擎启动（可变异公式结构）
[11:17:24] [子系统] 新提案 v1 [随机抖动] 写入附加系统 分数:16.66
[11:17:24] [子系统] 新提案 v2 [随机抖动] 写入附加系统 分数:16.83
[11:17:26] [子系统] 新提案 v3 [随机抖动] 写入附加系统 分数:16.89
[11:17:45] [子系统] 新提案 v4 [随机抖动] 写入附加系统 分数:16.91
[11:18:05] [子系统] 新提案 v5 [随机抖动] 写入附加系统 分数:16.93
[11:18:20] [子系统] 新提案 v6 [随机抖动] 写入附加系统 分数:17.08
[11:20:09] [子系统] 新提案 v7 [随机抖动] 写入附加系统 分数:17.11
[11:24:34] [子系统] 进化引擎启动（可变异公式结构）
[11:24:34] [子系统] 新提案 v1 [随机抖动] 写入附加系统 分数:16.69
[11:24:35] [子系统] 新提案 v2 [线性比例] 写入附加系统 分数:16.83
[11:24:38] [子系统] 新提案 v3 [线性比例] 写入附加系统 分数:16.88
[11:24:41] [子系统] 新提案 v4 [随机抖动] 写入附加系统 分数:16.92
[11:25:33] [子系统] 新提案 v5 [随机抖动] 写入附加系统 分数:16.93
[11:25:52] [子系统] 新提案 v6 [随机抖动] 写入附加系统 分数:17.03
[11:26:22] [子系统] 新提案 v7 [随机抖动] 写入附加系统 分数:17.06
[11:26:39] [子系统] 新提案 v8 [随机抖动] 写入附加系统 分数:17.09
[11:26:39] [子系统] 新提案 v9 [随机抖动] 写入附加系统 分数:17.14
[11:49:42] [子系统] 新提案 v10 [随机抖动] 写入附加系统 分数:17.17
[11:49:46] [子系统] 新提案 v11 [随机抖动] 写入附加系统 分数:17.19
[16:32:16] [子系统] 批量提案已写入，共24个候选
[16:41:13] [子级主系统] 开始审查: sandbox_proposal.py
[16:41:13] [主系统] 宪法审查通过
[16:41:13] [子级主系统] 实测: 11.76/30 门槛: 10.5
[16:41:13] [子级主系统] 提案通过，正式部署
[16:41:13] [子级主系统] 开始审查防御提案: sandbox_defense.py
[16:41:13] [主系统] 宪法审查通过
[16:41:14] [子级主系统] 防御实测: 拦截率 100.00%, 误报率 0.00%, 总分 1.00
[16:41:14] [子级主系统] 防御提案通过，正式部署
[16:41:14] [主系统] 宪法审查通过
[16:41:14] [子级主系统] 开始审查批量提案: sandbox_proposal_batch.py
[16:41:14] [主系统] 宪法审查通过
[16:41:14] [子级主系统] 候选通过 分数0.40
[16:41:14] [子级主系统] 候选通过 分数0.40
[16:41:14] [子级主系统] 候选通过 分数0.40
[16:41:14] [子级主系统] 候选通过 分数0.40
[16:41:14] [子级主系统] 候选通过 分数0.40
[16:41:14] [子级主系统] 候选通过 分数0.41
[16:41:14] [子级主系统] 候选通过 分数0.40
[16:41:14] [子级主系统] 候选通过 分数0.40
[16:41:14] [子级主系统] 候选通过 分数0.40
[16:41:14] [子级主系统] 候选通过 分数0.40
[16:41:14] [子级主系统] 候选通过 分数0.40
[16:41:14] [子级主系统] 候选通过 分数0.40
[16:41:14] [子级主系统] 候选通过 分数0.40
[16:41:14] [子级主系统] 候选通过 分数0.40
[16:41:14] [子级主系统] 候选通过 分数0.40
[16:41:14] [子级主系统] 候选通过 分数0.40
[16:41:14] [子级主系统] 候选通过 分数0.40
[16:41:14] [子级主系统] 候选通过 分数0.41
[16:41:14] [子级主系统] 候选通过 分数0.40
[16:41:14] [子级主系统] 候选通过 分数0.40
[16:41:14] [子级主系统] 候选通过 分数0.40
[16:41:14] [子级主系统] 候选通过 分数0.40
[16:41:14] [子级主系统] 候选通过 分数0.40
[16:41:14] [子级主系统] 候选通过 分数0.40
[17:13:29] [联合迭代预测] 完成5轮 最终共识=17.047
[17:18:36] [子系统] 未找到联合预测共识文件，使用默认目标
[17:18:37] [子系统] 批量提案已写入，共19个候选
[17:18:37] [联合迭代预测] 完成5轮 最终共识=17.155
[17:18:37] [子系统] 联合预测完成，共识值已写入沙盒
[17:24:49] [子级主系统] 开始审查防御提案: sandbox_defense.py
[17:24:49] [主系统] 宪法审查通过
[17:24:49] [子级主系统] 防御实测: 拦截率 83.33%, 误报率 0.00%, 总分 0.83
[17:24:49] [子级主系统] 防御提案通过，正式部署
[17:32:41] [子级主系统] 开始审查防御提案: sandbox_defense.py
[17:32:41] [主系统] 宪法审查通过
[17:32:41] [子级主系统] 防御实测: 拦截率 92.00%, 误报率 0.00%, 总分 0.92
[17:32:41] [子级主系统] 防御提案通过，正式部署
[17:45:44] [子级主系统] 开始审查防御提案: sandbox_defense.py
[17:45:44] [主系统] 宪法审查通过
[17:45:44] [子级主系统] 防御实测: 拦截率 83.72%, 误报率 0.00%, 总分 0.84
[17:45:44] [子级主系统] 防御提案通过，正式部署
[18:18:44] [攻击进化体] 导出 6 个新攻击到 sandbox_new_attacks.py
[18:20:29] [攻击进化体] 导出 4 个新攻击到 sandbox_new_attacks.py
[18:21:50] [攻击进化体] 导出 9 个新攻击到 sandbox_new_attacks.py
[18:31:20] [攻击进化体] 导出 8 个新攻击到 sandbox_new_attacks.py
[18:38:06] [攻击进化体] 导出 2 个语义正确的新攻击
[18:47:06] [子级主系统] 开始审查防御提案: sandbox_defense.py
[18:47:07] [主系统] 宪法审查通过
[18:47:07] [子级主系统] 防御实测: 拦截率 82.22%, 误报率 0.00%, 总分 0.82
[18:47:07] [子级主系统] 防御提案通过，正式部署
[18:56:38] [动态监测] 监测 直接os调用: 判定=True, 行为数=3, 警告数=1
[18:56:38] [动态监测] 监测 正常数学计算: 判定=False, 行为数=1, 警告数=0
[18:56:38] [动态监测] 监测 ctypes动态加载: 判定=True, 行为数=3, 警告数=1
[18:56:38] [动态监测] 监测 eval包裹攻击: 判定=True, 行为数=2, 警告数=1
[18:56:38] [动态监测] 监测 死循环: 判定=True, 行为数=2, 警告数=2
[19:01:11] [子级主系统] 开始审查防御提案: sandbox_defense.py
[19:01:11] [主系统] 宪法审查通过
[19:01:11] [子级主系统] 防御实测: 拦截率 81.82%, 误报率 0.00%, 总分 0.82
[19:01:11] [子级主系统] 防御提案通过，正式部署
[19:09:11] [子级主系统] 开始审查防御提案: sandbox_defense.py
[19:09:11] [主系统] 宪法审查通过
[19:09:11] [子级主系统] 防御实测: 拦截率 83.72%, 误报率 0.00%, 总分 0.84
[19:09:11] [子级主系统] 防御提案通过，正式部署
[19:10:37] [攻击进化体] 导出 2 个语义正确的新攻击
[19:13:45] [子级主系统] 开始审查防御提案: sandbox_defense.py
[19:13:45] [主系统] 宪法审查通过
[19:13:45] [子级主系统] 防御实测: 拦截率 84.44%, 误报率 0.00%, 总分 0.84
[19:13:45] [子级主系统] 防御提案通过，正式部署
[19:14:04] [攻击进化体] 导出 3 个语义正确的新攻击
[19:17:31] [子级主系统] 开始审查防御提案: sandbox_defense.py
[19:17:31] [主系统] 宪法审查通过
[19:17:31] [子级主系统] 防御实测: 拦截率 82.61%, 误报率 0.00%, 总分 0.83
[19:17:31] [子级主系统] 防御提案通过，正式部署
[19:24:29] [攻击进化体] 导出 1 个语义正确的新攻击
[19:28:06] [子级主系统] 开始审查防御提案: sandbox_defense.py
[19:28:06] [主系统] 宪法审查通过
[19:28:06] [子级主系统] 防御实测: 拦截率 84.09%, 误报率 0.00%, 总分 0.84
[19:28:06] [子级主系统] 防御提案通过，正式部署
[19:28:27] [攻击进化体] 导出 1 个语义正确的新攻击
[19:32:05] [子级主系统] 开始审查防御提案: sandbox_defense.py
[19:32:05] [主系统] 宪法审查通过
[19:32:05] [子级主系统] 防御实测: 拦截率 84.09%, 误报率 0.00%, 总分 0.84
[19:32:05] [子级主系统] 防御提案通过，正式部署
[19:32:27] [攻击进化体] 导出 1 个语义正确的新攻击
[19:36:52] [子级主系统] 开始审查防御提案: sandbox_defense.py
[19:36:52] [主系统] 宪法审查通过
[19:36:52] [子级主系统] 防御实测: 拦截率 84.09%, 误报率 0.00%, 总分 0.84
[19:36:52] [子级主系统] 防御提案通过，正式部署
[19:37:59] [攻击进化体] 导出 1 个语义正确的新攻击
[19:41:56] [子级主系统] 开始审查防御提案: sandbox_defense.py
[19:41:56] [主系统] 宪法审查通过
[19:41:56] [子级主系统] 防御实测: 拦截率 84.09%, 误报率 0.00%, 总分 0.84
[19:41:56] [子级主系统] 防御提案通过，正式部署
[19:42:23] [攻击进化体] 导出 2 个语义正确的新攻击
[19:46:19] [子级主系统] 开始审查防御提案: sandbox_defense.py
[19:46:19] [主系统] 宪法审查通过
[19:46:19] [子级主系统] 防御实测: 拦截率 84.44%, 误报率 0.00%, 总分 0.84
[19:46:19] [子级主系统] 防御提案通过，正式部署
[19:46:45] [攻击进化体] 导出 1 个语义正确的新攻击
[19:51:09] [子级主系统] 开始审查防御提案: sandbox_defense.py
[19:51:09] [主系统] 宪法审查通过
[19:51:09] [子级主系统] 防御实测: 拦截率 84.44%, 误报率 0.00%, 总分 0.84
[19:51:09] [子级主系统] 防御提案通过，正式部署
